2025-05-25 11:19:30.888 | SUCCESS  | database.firebase:<module>:22 - ✅ Firebase inicializado correctamente
2025-05-25 11:19:33.175 | SUCCESS  | database.firebase:<module>:22 - ✅ Firebase inicializado correctamente
2025-05-25 11:21:05.236 | DEBUG    | database.firebase:email_exists:33 - Verificando si el email ya existe: antonio@hormail.com
2025-05-25 11:21:06.114 | DEBUG    | database.firebase:email_exists:38 - Resultado existencia email 'antonio@hormail.com': False
2025-05-25 11:21:06.440 | DEBUG    | database.firebase:create_user:47 - Creando usuario con datos: {'email': 'antonio@hormail.com', 'password': '$2b$12$A9QxVar6OOEw025HLAIPTuxCOHqn8ntYrod7nlzDVsEZCy7M.YQ2S', 'nombre': 'Antonio Llorente', 'birthdate': '2025-05-19', 'acceptTerms': True, 'created_at': datetime.datetime(2025, 5, 25, 11, 21, 6, 440921), 'active': True, 'last_login': None, 'roles': ['usuario']}
2025-05-25 11:21:06.535 | SUCCESS  | database.firebase:create_user:49 - ✅ Usuario creado con ID: OtvmwxsQyLylABmihkzi
2025-05-25 11:22:32.635 | DEBUG    | database.firebase:get_user_by_email:58 - Buscando usuario con email: antonio@hotamil.com
2025-05-25 11:22:32.695 | DEBUG    | database.firebase:get_user_by_email:65 - No se encontró usuario con email: antonio@hotamil.com
2025-05-25 11:22:48.939 | DEBUG    | database.firebase:get_user_by_email:58 - Buscando usuario con email: antonio@hotamail.com
2025-05-25 11:22:49.012 | DEBUG    | database.firebase:get_user_by_email:65 - No se encontró usuario con email: antonio@hotamail.com
2025-05-25 11:22:58.084 | DEBUG    | database.firebase:get_user_by_email:58 - Buscando usuario con email: antonio@hotmail.com
2025-05-25 11:22:58.150 | DEBUG    | database.firebase:get_user_by_email:62 - Usuario encontrado: {'password': '$2b$12$VrGKU3AUvvQoeKpyGPrK4.PVvyaaaQlmrz19Y7/2q2tj8.CXS0HnS', 'acceptTerms': True, 'created_at': DatetimeWithNanoseconds(2025, 5, 25, 10, 53, 56, 552421, tzinfo=datetime.timezone.utc), 'active': True, 'birthdate': '2006-06-22', 'roles': ['usuario'], 'last_login': None, 'email': 'antonio@hotmail.com', 'nombre': 'Antonio Llorente'}
2025-05-25 11:22:58.503 | DEBUG    | database.firebase:update_user:74 - Actualizando usuario NpaGLTQIfCvvh2jCS5uw con: {'last_login': datetime.datetime(2025, 5, 25, 11, 22, 58, 503716)}
2025-05-25 11:22:58.629 | SUCCESS  | database.firebase:update_user:76 - ✅ Usuario NpaGLTQIfCvvh2jCS5uw actualizado correctamente
2025-05-25 11:28:07.629 | SUCCESS  | database.firebase:<module>:22 - ✅ Firebase inicializado correctamente
2025-05-25 11:28:09.846 | SUCCESS  | database.firebase:<module>:22 - ✅ Firebase inicializado correctamente
2025-05-25 11:28:32.656 | ERROR    | app:validation_exception_handler:19 - 📛 Error de validación: [{'type': 'missing', 'loc': ('body', 'user_id'), 'msg': 'Field required', 'input': {'origin': 'MAD', 'destination': 'NYC', 'departure_date': '2025-06-15', 'return_date': '2025-06-25', 'adults': 1, 'children': 0, 'hotel_limit': 5, 'vehicle_limit': 5, 'max_price': None}}]
2025-05-25 11:33:37.169 | ERROR    | app:validation_exception_handler:19 - 📛 Error de validación: [{'type': 'missing', 'loc': ('body', 'user_id'), 'msg': 'Field required', 'input': {'origin': 'MAD', 'destination': 'NYC', 'departure_date': '2025-06-15', 'return_date': '2025-06-25', 'adults': 1, 'children': 0, 'hotel_limit': 5, 'vehicle_limit': 5, 'max_price': None}}]
2025-05-25 11:33:43.926 | ERROR    | app:validation_exception_handler:19 - 📛 Error de validación: [{'type': 'missing', 'loc': ('body', 'user_id'), 'msg': 'Field required', 'input': {'origin': 'MAD', 'destination': 'NYC', 'departure_date': '2025-06-15', 'return_date': '2025-06-25', 'adults': 1, 'children': 0, 'hotel_limit': 5, 'vehicle_limit': 5, 'max_price': None}}]
2025-05-25 11:34:51.349 | ERROR    | app:validation_exception_handler:19 - 📛 Error de validación: [{'type': 'missing', 'loc': ('body', 'user_id'), 'msg': 'Field required', 'input': {'origin': 'MAD', 'destination': 'NYC', 'departure_date': '2025-06-15', 'return_date': '2025-06-25', 'adults': 1, 'children': 0, 'hotel_limit': 5, 'vehicle_limit': 5, 'max_price': None}}]
2025-05-25 11:36:24.719 | ERROR    | app:validation_exception_handler:19 - 📛 Error de validación: [{'type': 'missing', 'loc': ('body', 'user_id'), 'msg': 'Field required', 'input': {'origin': 'MAD', 'destination': 'NYC', 'departure_date': '2025-06-15', 'return_date': '2025-06-25', 'adults': 1, 'children': 0, 'hotel_limit': 5, 'vehicle_limit': 5, 'max_price': None}}]
2025-05-25 11:40:21.307 | SUCCESS  | database.firebase:<module>:22 - ✅ Firebase inicializado correctamente
2025-05-25 11:40:23.700 | SUCCESS  | database.firebase:<module>:22 - ✅ Firebase inicializado correctamente
2025-05-25 11:40:51.170 | SUCCESS  | database.firebase:<module>:22 - ✅ Firebase inicializado correctamente
2025-05-25 11:40:53.296 | SUCCESS  | database.firebase:<module>:22 - ✅ Firebase inicializado correctamente
2025-05-25 11:43:11.247 | SUCCESS  | database.firebase:<module>:22 - ✅ Firebase inicializado correctamente
2025-05-25 11:43:13.607 | SUCCESS  | database.firebase:<module>:22 - ✅ Firebase inicializado correctamente
2025-05-25 11:54:51.766 | SUCCESS  | database.firebase:<module>:22 - ✅ Firebase inicializado correctamente
2025-05-25 11:54:53.944 | SUCCESS  | database.firebase:<module>:22 - ✅ Firebase inicializado correctamente
2025-05-25 12:39:33.931 | SUCCESS  | database.firebase:<module>:22 - ✅ Firebase inicializado correctamente
2025-05-25 12:39:36.302 | SUCCESS  | database.firebase:<module>:22 - ✅ Firebase inicializado correctamente
2025-05-25 12:40:14.490 | DEBUG    | database.firebase:get_user_by_email:58 - Buscando usuario con email: antonio@hotmail.com
2025-05-25 12:40:15.316 | DEBUG    | database.firebase:get_user_by_email:62 - Usuario encontrado: {'password': '$2b$12$VrGKU3AUvvQoeKpyGPrK4.PVvyaaaQlmrz19Y7/2q2tj8.CXS0HnS', 'acceptTerms': True, 'created_at': DatetimeWithNanoseconds(2025, 5, 25, 10, 53, 56, 552421, tzinfo=datetime.timezone.utc), 'active': True, 'birthdate': '2006-06-22', 'roles': ['usuario'], 'last_login': DatetimeWithNanoseconds(2025, 5, 25, 11, 22, 58, 503716, tzinfo=datetime.timezone.utc), 'email': 'antonio@hotmail.com', 'nombre': 'Antonio Llorente'}
2025-05-25 12:40:15.691 | DEBUG    | database.firebase:update_user:74 - Actualizando usuario NpaGLTQIfCvvh2jCS5uw con: {'last_login': datetime.datetime(2025, 5, 25, 12, 40, 15, 691567)}
2025-05-25 12:40:15.810 | SUCCESS  | database.firebase:update_user:76 - ✅ Usuario NpaGLTQIfCvvh2jCS5uw actualizado correctamente
2025-05-25 12:47:44.153 | SUCCESS  | database.firebase:<module>:22 - ✅ Firebase inicializado correctamente
2025-05-25 12:47:46.433 | SUCCESS  | database.firebase:<module>:22 - ✅ Firebase inicializado correctamente
2025-05-25 12:48:48.416 | DEBUG    | database.firebase:email_exists:33 - Verificando si el email ya existe: Amadeus@gmail.com
2025-05-25 12:48:49.242 | DEBUG    | database.firebase:email_exists:38 - Resultado existencia email 'Amadeus@gmail.com': False
2025-05-25 12:48:49.574 | DEBUG    | database.firebase:create_user:47 - Creando usuario con datos: {'email': 'Amadeus@gmail.com', 'password': '$2b$12$LwB4BBJVcXr7uMxPXpgyI.bZ38kZkayJgTzHEtAEhFXT48dsCVqUu', 'nombre': 'Felipe Amadeus', 'birthdate': '2025-05-21', 'acceptTerms': True, 'created_at': datetime.datetime(2025, 5, 25, 12, 48, 49, 574450), 'active': True, 'last_login': None, 'roles': ['user']}
2025-05-25 12:48:49.661 | SUCCESS  | database.firebase:create_user:49 - ✅ Usuario creado con ID: owzpE3Rfpe6QnPBSfUbN
2025-05-25 12:49:43.685 | DEBUG    | database.firebase:get_user_by_email:58 - Buscando usuario con email: amadaeus@gmial.com
2025-05-25 12:49:43.751 | DEBUG    | database.firebase:get_user_by_email:65 - No se encontró usuario con email: amadaeus@gmial.com
2025-05-25 12:49:59.308 | DEBUG    | database.firebase:get_user_by_email:58 - Buscando usuario con email: amadaeus@gmail.com
2025-05-25 12:49:59.393 | DEBUG    | database.firebase:get_user_by_email:65 - No se encontró usuario con email: amadaeus@gmail.com
2025-05-25 12:50:08.649 | DEBUG    | database.firebase:get_user_by_email:58 - Buscando usuario con email: amadeus@gmail.com
2025-05-25 12:50:08.714 | DEBUG    | database.firebase:get_user_by_email:65 - No se encontró usuario con email: amadeus@gmail.com
2025-05-25 12:50:34.520 | DEBUG    | database.firebase:get_user_by_email:58 - Buscando usuario con email: Amadeus@gmail.com
2025-05-25 12:50:34.594 | DEBUG    | database.firebase:get_user_by_email:62 - Usuario encontrado: {'password': '$2b$12$LwB4BBJVcXr7uMxPXpgyI.bZ38kZkayJgTzHEtAEhFXT48dsCVqUu', 'acceptTerms': True, 'created_at': DatetimeWithNanoseconds(2025, 5, 25, 12, 48, 49, 574450, tzinfo=datetime.timezone.utc), 'active': True, 'birthdate': '2025-05-21', 'roles': ['user'], 'last_login': None, 'email': 'Amadeus@gmail.com', 'nombre': 'Felipe Amadeus'}
2025-05-25 12:50:34.944 | DEBUG    | database.firebase:update_user:74 - Actualizando usuario owzpE3Rfpe6QnPBSfUbN con: {'last_login': datetime.datetime(2025, 5, 25, 12, 50, 34, 944321)}
2025-05-25 12:50:35.035 | SUCCESS  | database.firebase:update_user:76 - ✅ Usuario owzpE3Rfpe6QnPBSfUbN actualizado correctamente
2025-05-25 12:55:33.275 | SUCCESS  | database.firebase:<module>:22 - ✅ Firebase inicializado correctamente
2025-05-25 12:55:35.423 | SUCCESS  | database.firebase:<module>:22 - ✅ Firebase inicializado correctamente
2025-05-25 13:01:42.023 | SUCCESS  | database.firebase:<module>:22 - ✅ Firebase inicializado correctamente
2025-05-25 13:01:44.489 | SUCCESS  | database.firebase:<module>:22 - ✅ Firebase inicializado correctamente
2025-05-25 13:07:02.576 | SUCCESS  | database.firebase:<module>:29 - ✅ Firebase initialized successfully
2025-05-25 13:07:04.802 | SUCCESS  | database.firebase:<module>:29 - ✅ Firebase initialized successfully
2025-05-25 13:07:48.146 | DEBUG    | database.firebase:get_user_by_email:88 - Searching for user with email: Amadeus@gmail.com
2025-05-25 13:07:48.921 | DEBUG    | database.firebase:get_user_by_email:92 - User found: {'password': '$2b$12$LwB4BBJVcXr7uMxPXpgyI.bZ38kZkayJgTzHEtAEhFXT48dsCVqUu', 'acceptTerms': True, 'created_at': DatetimeWithNanoseconds(2025, 5, 25, 12, 48, 49, 574450, tzinfo=datetime.timezone.utc), 'active': True, 'birthdate': '2025-05-21', 'roles': ['user'], 'last_login': DatetimeWithNanoseconds(2025, 5, 25, 12, 50, 34, 944321, tzinfo=datetime.timezone.utc), 'email': 'Amadeus@gmail.com', 'nombre': 'Felipe Amadeus'}
2025-05-25 13:07:49.347 | DEBUG    | database.firebase:update_user:111 - Updating user owzpE3Rfpe6QnPBSfUbN with data: {'last_login': datetime.datetime(2025, 5, 25, 13, 7, 49, 347324)}
2025-05-25 13:07:49.430 | SUCCESS  | database.firebase:update_user:113 - ✅ User owzpE3Rfpe6QnPBSfUbN updated successfully
2025-05-25 13:08:34.169 | DEBUG    | database.firebase:get_user_by_email:88 - Searching for user with email: Amadeus@gmail.com
2025-05-25 13:08:34.236 | DEBUG    | database.firebase:get_user_by_email:95 - No user found with email: Amadeus@gmail.com
2025-05-25 13:09:06.996 | DEBUG    | database.firebase:email_exists:47 - Checking if email exists: Amadeus@gmail.com
2025-05-25 13:09:07.059 | DEBUG    | database.firebase:email_exists:52 - Email existence result for 'Amadeus@gmail.com': False
2025-05-25 13:09:07.354 | DEBUG    | database.firebase:create_user:69 - Creating user with data: {'email': 'Amadeus@gmail.com', 'password': '$2b$12$G20/BEzah7Gz4moyh/gwH.7ryhgw6gr4UKdENbXB6J4dvukmJK6L2', 'nombre': 'Amadeus Llorente', 'birthdate': '2025-05-28', 'acceptTerms': True, 'created_at': datetime.datetime(2025, 5, 25, 13, 9, 7, 354036), 'active': True, 'last_login': None, 'roles': ['user']}
2025-05-25 13:09:07.431 | SUCCESS  | database.firebase:create_user:71 - ✅ User created with ID: 27DyoVIxlJS5cXmSqLZm
2025-05-25 13:09:12.101 | DEBUG    | database.firebase:get_user_by_email:88 - Searching for user with email: Amadeus@gmail.com
2025-05-25 13:09:12.166 | DEBUG    | database.firebase:get_user_by_email:92 - User found: {'password': '$2b$12$G20/BEzah7Gz4moyh/gwH.7ryhgw6gr4UKdENbXB6J4dvukmJK6L2', 'acceptTerms': True, 'created_at': DatetimeWithNanoseconds(2025, 5, 25, 13, 9, 7, 354036, tzinfo=datetime.timezone.utc), 'active': True, 'birthdate': '2025-05-28', 'roles': ['user'], 'last_login': None, 'email': 'Amadeus@gmail.com', 'nombre': 'Amadeus Llorente'}
2025-05-25 13:09:12.513 | DEBUG    | database.firebase:update_user:111 - Updating user 27DyoVIxlJS5cXmSqLZm with data: {'last_login': datetime.datetime(2025, 5, 25, 13, 9, 12, 513333)}
2025-05-25 13:09:12.622 | SUCCESS  | database.firebase:update_user:113 - ✅ User 27DyoVIxlJS5cXmSqLZm updated successfully
2025-05-25 13:13:35.834 | SUCCESS  | database.firebase:<module>:29 - Firebase initialized successfully
2025-05-25 13:13:38.186 | SUCCESS  | database.firebase:<module>:29 - Firebase initialized successfully
2025-05-25 13:16:58.643 | DEBUG    | database.firebase:get_user_by_email:90 - Searching for user with email: Amadeus@gmail.com
2025-05-25 13:16:59.444 | DEBUG    | database.firebase:get_user_by_email:97 - No user found with email: Amadeus@gmail.com
2025-05-25 13:17:22.999 | DEBUG    | database.firebase:email_exists:47 - Checking if email exists: Amadeus@gmail.com
2025-05-25 13:17:23.060 | DEBUG    | database.firebase:email_exists:52 - Email existence result for 'Amadeus@gmail.com': False
2025-05-25 13:17:23.372 | DEBUG    | database.firebase:create_user:71 - Creating user with data: {'email': 'amadeus@gmail.com', 'password': '$2b$12$D0CW6XZuXAql1pAhQZ3/r.mKUmAEYcMUbftsZ/PfEyUXRAmg.H0RC', 'nombre': 'aaama amaa', 'birthdate': '2025-05-01', 'acceptTerms': True, 'created_at': datetime.datetime(2025, 5, 25, 13, 17, 23, 372938), 'active': True, 'last_login': None, 'roles': ['user']}
2025-05-25 13:17:23.462 | SUCCESS  | database.firebase:create_user:73 - User created with ID: etL4UrKnQMPn4RxkkPC2
2025-05-25 13:27:10.430 | SUCCESS  | database.firebase:<module>:29 - Firebase initialized successfully
2025-05-25 13:40:37.429 | SUCCESS  | database.firebase:<module>:29 - Firebase initialized successfully
2025-05-25 14:14:24.159 | SUCCESS  | database.firebase:<module>:29 - Firebase initialized successfully
2025-05-25 14:20:04.037 | SUCCESS  | database.firebase:<module>:29 - Firebase initialized successfully
2025-05-25 14:20:06.204 | SUCCESS  | database.firebase:<module>:29 - Firebase initialized successfully
2025-05-25 14:22:04.912 | DEBUG    | database.firebase:email_exists:47 - Checking if email exists: extrem.bird.0.1@gmail.com
2025-05-25 14:22:05.772 | DEBUG    | database.firebase:email_exists:53 - Email existence result for 'extrem.bird.0.1@gmail.com': False
2025-05-25 14:22:06.076 | DEBUG    | database.firebase:create_user:72 - Creating user with data: {'email': 'extrem.bird.0.1@gmail.com', 'password': '$2b$12$XXDMExmVelteD/r0K9c3zOVD1GwJ3nQFYA5ATcSiCd/ZleZ.qPSWq', 'nombre': 'Anto Llore', 'birthdate': '2025-05-06', 'acceptTerms': True, 'created_at': datetime.datetime(2025, 5, 25, 14, 22, 6, 76711), 'active': True, 'last_login': None, 'roles': ['user']}
2025-05-25 14:22:06.189 | SUCCESS  | database.firebase:create_user:74 - User created with ID: yXSUNrVj7R8UC6IrhU60
2025-05-25 14:22:46.251 | DEBUG    | database.firebase:get_user_by_email:92 - Searching for user with email: amadeus@gmail.com
2025-05-25 14:22:46.320 | DEBUG    | database.firebase:get_user_by_email:96 - User found: {'password': '$2b$12$D0CW6XZuXAql1pAhQZ3/r.mKUmAEYcMUbftsZ/PfEyUXRAmg.H0RC', 'acceptTerms': True, 'created_at': DatetimeWithNanoseconds(2025, 5, 25, 13, 17, 23, 372938, tzinfo=datetime.timezone.utc), 'active': True, 'birthdate': '2025-05-01', 'roles': ['user'], 'last_login': None, 'email': 'amadeus@gmail.com', 'nombre': 'aaama amaa'}
2025-05-25 14:23:28.753 | DEBUG    | database.firebase:get_user_by_email:92 - Searching for user with email: extrem.bird.0.1@gmail.com
2025-05-25 14:23:28.828 | DEBUG    | database.firebase:get_user_by_email:96 - User found: {'password': '$2b$12$XXDMExmVelteD/r0K9c3zOVD1GwJ3nQFYA5ATcSiCd/ZleZ.qPSWq', 'acceptTerms': True, 'created_at': DatetimeWithNanoseconds(2025, 5, 25, 14, 22, 6, 76711, tzinfo=datetime.timezone.utc), 'active': True, 'birthdate': '2025-05-06', 'roles': ['user'], 'last_login': None, 'email': 'extrem.bird.0.1@gmail.com', 'nombre': 'Anto Llore'}
2025-05-25 14:23:29.181 | DEBUG    | database.firebase:update_user:118 - Updating user yXSUNrVj7R8UC6IrhU60 with data: {'last_login': datetime.datetime(2025, 5, 25, 14, 23, 29, 181984)}
2025-05-25 14:23:29.261 | SUCCESS  | database.firebase:update_user:120 - User yXSUNrVj7R8UC6IrhU60 updated successfully
2025-05-25 14:23:45.798 | ERROR    | app:validation_exception_handler:19 - Error de validación: [{'type': 'missing', 'loc': ('query', 'user_email'), 'msg': 'Field required', 'input': None}]
2025-05-25 14:29:46.178 | ERROR    | app:validation_exception_handler:19 - Error de validación: [{'type': 'missing', 'loc': ('query', 'user_email'), 'msg': 'Field required', 'input': None}]
2025-05-25 14:30:43.974 | ERROR    | app:validation_exception_handler:19 - Error de validación: [{'type': 'missing', 'loc': ('query', 'user_email'), 'msg': 'Field required', 'input': None}]
2025-05-25 14:37:06.512 | SUCCESS  | database.firebase:<module>:29 - Firebase initialized successfully
2025-05-25 14:37:08.760 | SUCCESS  | database.firebase:<module>:29 - Firebase initialized successfully
2025-05-25 14:38:11.136 | SUCCESS  | database.firebase:<module>:29 - Firebase initialized successfully
2025-05-25 14:38:13.599 | SUCCESS  | database.firebase:<module>:29 - Firebase initialized successfully
